09:29:06.305 INFO  [background-preinit]org.hibernate.validator.internal.util.Version - HV000001: Hibernate Validator 8.0.2.Final
09:29:06.405 INFO  [main]com.example.quiz13.Quiz13Application - Starting Quiz13Application using Java 21.0.5 with PID 37520 (D:\java\java_project\quiz13\bin\main started by user in D:\java\java_project\quiz13)
09:29:06.407 INFO  [main]com.example.quiz13.Quiz13Application - No active profile set, falling back to 1 default profile: "default"
09:29:07.810 INFO  [main]o.s.d.r.config.RepositoryConfigurationDelegate - Bootstrapping Spring Data JPA repositories in DEFAULT mode.
09:29:07.889 INFO  [main]o.s.d.r.config.RepositoryConfigurationDelegate - Finished Spring Data repository scanning in 66 ms. Found 3 JPA repository interfaces.
09:29:08.588 INFO  [main]o.s.boot.web.embedded.tomcat.TomcatWebServer - Tomcat initialized with port 8080 (http)
09:29:08.609 INFO  [main]org.apache.coyote.http11.Http11NioProtocol - Initializing ProtocolHandler ["http-nio-8080"]
09:29:08.611 INFO  [main]org.apache.catalina.core.StandardService - Starting service [Tomcat]
09:29:08.612 INFO  [main]org.apache.catalina.core.StandardEngine - Starting Servlet engine: [Apache Tomcat/10.1.39]
09:29:08.762 INFO  [main]o.a.c.core.ContainerBase.[Tomcat].[localhost].[/] - Initializing Spring embedded WebApplicationContext
09:29:08.762 INFO  [main]o.s.b.w.s.c.ServletWebServerApplicationContext - Root WebApplicationContext: initialization completed in 2293 ms
09:29:08.955 INFO  [main]com.zaxxer.hikari.HikariDataSource - HikariPool-1 - Starting...
09:29:09.195 INFO  [main]com.zaxxer.hikari.pool.HikariPool - HikariPool-1 - Added connection com.mysql.cj.jdbc.ConnectionImpl@88b76f2
09:29:09.198 INFO  [main]com.zaxxer.hikari.HikariDataSource - HikariPool-1 - Start completed.
09:29:09.263 INFO  [main]org.hibernate.jpa.internal.util.LogHelper - HHH000204: Processing PersistenceUnitInfo [name: default]
09:29:09.342 INFO  [main]org.hibernate.Version - HHH000412: Hibernate ORM core version 6.6.11.Final
09:29:09.390 INFO  [main]o.hibernate.cache.internal.RegionFactoryInitiator - HHH000026: Second-level cache disabled
09:29:09.759 INFO  [main]o.s.o.j.persistenceunit.SpringPersistenceUnitInfo - No LoadTimeWeaver setup: ignoring JPA class transformer
09:29:09.900 INFO  [main]org.hibernate.orm.connections.pooling - HHH10001005: Database info:
	Database JDBC URL [Connecting through datasource 'HikariDataSource (HikariPool-1)']
	Database driver: undefined/unknown
	Database version: 8.0.40
	Autocommit mode: undefined/unknown
	Isolation level: undefined/unknown
	Minimum pool size: undefined/unknown
	Maximum pool size: undefined/unknown
09:29:10.208 WARN  [main]org.hibernate.mapping.RootClass - HHH000038: Composite-id class does not override equals(): com.example.quiz13.entity.QuestionId
09:29:10.208 WARN  [main]org.hibernate.mapping.RootClass - HHH000039: Composite-id class does not override hashCode(): com.example.quiz13.entity.QuestionId
09:29:10.208 WARN  [main]org.hibernate.mapping.RootClass - HHH000038: Composite-id class does not override equals(): com.example.quiz13.entity.FeedbackId
09:29:10.209 WARN  [main]org.hibernate.mapping.RootClass - HHH000039: Composite-id class does not override hashCode(): com.example.quiz13.entity.FeedbackId
09:29:10.700 INFO  [main]o.h.e.t.jta.platform.internal.JtaPlatformInitiator - HHH000489: No JTA platform available (set 'hibernate.transaction.jta.platform' to enable JTA platform integration)
09:29:10.704 INFO  [main]o.s.orm.jpa.LocalContainerEntityManagerFactoryBean - Initialized JPA EntityManagerFactory for persistence unit 'default'
09:29:11.016 INFO  [main]o.s.data.jpa.repository.query.QueryEnhancerFactory - Hibernate is in classpath; If applicable, HQL parser will be used.
09:29:12.004 WARN  [main]o.s.b.a.o.j.JpaBaseConfiguration$JpaWebConfiguration - spring.jpa.open-in-view is enabled by default. Therefore, database queries may be performed during view rendering. Explicitly configure spring.jpa.open-in-view to disable this warning
09:29:12.408 INFO  [main]org.apache.coyote.http11.Http11NioProtocol - Starting ProtocolHandler ["http-nio-8080"]
09:29:12.439 INFO  [main]o.s.boot.web.embedded.tomcat.TomcatWebServer - Tomcat started on port 8080 (http) with context path '/'
09:29:12.450 INFO  [main]com.example.quiz13.Quiz13Application - Started Quiz13Application in 6.696 seconds (process running for 7.096)
09:29:49.041 INFO  [http-nio-8080-exec-1]o.a.c.core.ContainerBase.[Tomcat].[localhost].[/] - Initializing Spring DispatcherServlet 'dispatcherServlet'
09:29:49.042 INFO  [http-nio-8080-exec-1]org.springframework.web.servlet.DispatcherServlet - Initializing Servlet 'dispatcherServlet'
09:29:49.044 INFO  [http-nio-8080-exec-1]org.springframework.web.servlet.DispatcherServlet - Completed initialization in 2 ms
13:04:42.768 INFO  [background-preinit]org.hibernate.validator.internal.util.Version - HV000001: Hibernate Validator 8.0.2.Final
13:04:42.851 INFO  [main]com.example.quiz13.Quiz13Application - Starting Quiz13Application using Java 21.0.5 with PID 7936 (D:\java\java_project\quiz13\bin\main started by user in D:\java\java_project\quiz13)
13:04:42.852 INFO  [main]com.example.quiz13.Quiz13Application - No active profile set, falling back to 1 default profile: "default"
13:04:43.917 INFO  [main]o.s.d.r.config.RepositoryConfigurationDelegate - Bootstrapping Spring Data JPA repositories in DEFAULT mode.
13:04:43.995 INFO  [main]o.s.d.r.config.RepositoryConfigurationDelegate - Finished Spring Data repository scanning in 53 ms. Found 3 JPA repository interfaces.
13:04:44.643 INFO  [main]o.s.boot.web.embedded.tomcat.TomcatWebServer - Tomcat initialized with port 8080 (http)
13:04:44.660 INFO  [main]org.apache.coyote.http11.Http11NioProtocol - Initializing ProtocolHandler ["http-nio-8080"]
13:04:44.662 INFO  [main]org.apache.catalina.core.StandardService - Starting service [Tomcat]
13:04:44.663 INFO  [main]org.apache.catalina.core.StandardEngine - Starting Servlet engine: [Apache Tomcat/10.1.39]
13:04:44.796 INFO  [main]o.a.c.core.ContainerBase.[Tomcat].[localhost].[/] - Initializing Spring embedded WebApplicationContext
13:04:44.796 INFO  [main]o.s.b.w.s.c.ServletWebServerApplicationContext - Root WebApplicationContext: initialization completed in 1880 ms
13:04:45.008 INFO  [main]com.zaxxer.hikari.HikariDataSource - HikariPool-1 - Starting...
13:04:45.318 INFO  [main]com.zaxxer.hikari.pool.HikariPool - HikariPool-1 - Added connection com.mysql.cj.jdbc.ConnectionImpl@7df6d663
13:04:45.321 INFO  [main]com.zaxxer.hikari.HikariDataSource - HikariPool-1 - Start completed.
13:04:45.384 INFO  [main]org.hibernate.jpa.internal.util.LogHelper - HHH000204: Processing PersistenceUnitInfo [name: default]
13:04:45.476 INFO  [main]org.hibernate.Version - HHH000412: Hibernate ORM core version 6.6.11.Final
13:04:45.536 INFO  [main]o.hibernate.cache.internal.RegionFactoryInitiator - HHH000026: Second-level cache disabled
13:04:45.944 INFO  [main]o.s.o.j.persistenceunit.SpringPersistenceUnitInfo - No LoadTimeWeaver setup: ignoring JPA class transformer
13:04:46.094 INFO  [main]org.hibernate.orm.connections.pooling - HHH10001005: Database info:
	Database JDBC URL [Connecting through datasource 'HikariDataSource (HikariPool-1)']
	Database driver: undefined/unknown
	Database version: 8.0.40
	Autocommit mode: undefined/unknown
	Isolation level: undefined/unknown
	Minimum pool size: undefined/unknown
	Maximum pool size: undefined/unknown
13:04:46.373 WARN  [main]org.hibernate.mapping.RootClass - HHH000038: Composite-id class does not override equals(): com.example.quiz13.entity.QuestionId
13:04:46.374 WARN  [main]org.hibernate.mapping.RootClass - HHH000039: Composite-id class does not override hashCode(): com.example.quiz13.entity.QuestionId
13:04:46.374 WARN  [main]org.hibernate.mapping.RootClass - HHH000038: Composite-id class does not override equals(): com.example.quiz13.entity.FeedbackId
13:04:46.374 WARN  [main]org.hibernate.mapping.RootClass - HHH000039: Composite-id class does not override hashCode(): com.example.quiz13.entity.FeedbackId
13:04:46.820 INFO  [main]o.h.e.t.jta.platform.internal.JtaPlatformInitiator - HHH000489: No JTA platform available (set 'hibernate.transaction.jta.platform' to enable JTA platform integration)
13:04:46.825 INFO  [main]o.s.orm.jpa.LocalContainerEntityManagerFactoryBean - Initialized JPA EntityManagerFactory for persistence unit 'default'
13:04:47.164 INFO  [main]o.s.data.jpa.repository.query.QueryEnhancerFactory - Hibernate is in classpath; If applicable, HQL parser will be used.
13:04:48.157 WARN  [main]o.s.b.a.o.j.JpaBaseConfiguration$JpaWebConfiguration - spring.jpa.open-in-view is enabled by default. Therefore, database queries may be performed during view rendering. Explicitly configure spring.jpa.open-in-view to disable this warning
13:04:48.638 INFO  [main]org.apache.coyote.http11.Http11NioProtocol - Starting ProtocolHandler ["http-nio-8080"]
13:04:48.675 INFO  [main]o.s.boot.web.embedded.tomcat.TomcatWebServer - Tomcat started on port 8080 (http) with context path '/'
13:04:48.687 INFO  [main]com.example.quiz13.Quiz13Application - Started Quiz13Application in 6.501 seconds (process running for 7.104)
13:08:30.820 INFO  [http-nio-8080-exec-2]o.a.c.core.ContainerBase.[Tomcat].[localhost].[/] - Initializing Spring DispatcherServlet 'dispatcherServlet'
13:08:30.820 INFO  [http-nio-8080-exec-2]org.springframework.web.servlet.DispatcherServlet - Initializing Servlet 'dispatcherServlet'
13:08:30.839 INFO  [http-nio-8080-exec-2]org.springframework.web.servlet.DispatcherServlet - Completed initialization in 19 ms
16:32:53.279 WARN  [http-nio-8080-exec-7]o.s.w.s.m.support.DefaultHandlerExceptionResolver - Resolved [org.springframework.http.converter.HttpMessageNotReadableException: JSON parse error: Cannot construct instance of `com.example.quiz13.vo.SearchReq` (although at least one Creator exists): no int/Int-argument constructor/factory method to deserialize from Number value (39)]
16:50:27.355 WARN  [http-nio-8080-exec-4]org.hibernate.engine.jdbc.spi.SqlExceptionHelper - SQL Error: 1054, SQLState: 42S22
16:50:27.371 ERROR [http-nio-8080-exec-4]org.hibernate.engine.jdbc.spi.SqlExceptionHelper - Unknown column 'startDate' in 'field list'
16:51:02.546 WARN  [http-nio-8080-exec-8]org.hibernate.engine.jdbc.spi.SqlExceptionHelper - SQL Error: 1054, SQLState: 42S22
16:51:02.547 ERROR [http-nio-8080-exec-8]org.hibernate.engine.jdbc.spi.SqlExceptionHelper - Unknown column 'startDate' in 'field list'
16:51:39.414 WARN  [http-nio-8080-exec-10]org.hibernate.engine.jdbc.spi.SqlExceptionHelper - SQL Error: 1054, SQLState: 42S22
16:51:39.414 ERROR [http-nio-8080-exec-10]org.hibernate.engine.jdbc.spi.SqlExceptionHelper - Unknown column 'startDate' in 'field list'
16:56:09.594 WARN  [http-nio-8080-exec-1]org.hibernate.engine.jdbc.spi.SqlExceptionHelper - SQL Error: 1054, SQLState: 42S22
16:56:09.594 ERROR [http-nio-8080-exec-1]org.hibernate.engine.jdbc.spi.SqlExceptionHelper - Unknown column 'startDate' in 'field list'
16:56:29.774 INFO  [background-preinit]org.hibernate.validator.internal.util.Version - HV000001: Hibernate Validator 8.0.2.Final
16:56:29.864 INFO  [main]com.example.quiz13.Quiz13Application - Starting Quiz13Application using Java 21.0.5 with PID 35056 (D:\java\java_project\quiz13\bin\main started by user in D:\java\java_project\quiz13)
16:56:29.866 INFO  [main]com.example.quiz13.Quiz13Application - No active profile set, falling back to 1 default profile: "default"
16:56:30.780 INFO  [main]o.s.d.r.config.RepositoryConfigurationDelegate - Bootstrapping Spring Data JPA repositories in DEFAULT mode.
16:56:30.886 INFO  [main]o.s.d.r.config.RepositoryConfigurationDelegate - Finished Spring Data repository scanning in 93 ms. Found 3 JPA repository interfaces.
16:56:31.656 INFO  [main]o.s.boot.web.embedded.tomcat.TomcatWebServer - Tomcat initialized with port 8080 (http)
16:56:31.677 INFO  [main]org.apache.coyote.http11.Http11NioProtocol - Initializing ProtocolHandler ["http-nio-8080"]
16:56:31.680 INFO  [main]org.apache.catalina.core.StandardService - Starting service [Tomcat]
16:56:31.680 INFO  [main]org.apache.catalina.core.StandardEngine - Starting Servlet engine: [Apache Tomcat/10.1.39]
16:56:31.888 INFO  [main]o.a.c.core.ContainerBase.[Tomcat].[localhost].[/] - Initializing Spring embedded WebApplicationContext
16:56:31.889 INFO  [main]o.s.b.w.s.c.ServletWebServerApplicationContext - Root WebApplicationContext: initialization completed in 1960 ms
16:56:32.089 INFO  [main]com.zaxxer.hikari.HikariDataSource - HikariPool-1 - Starting...
16:56:32.374 INFO  [main]com.zaxxer.hikari.pool.HikariPool - HikariPool-1 - Added connection com.mysql.cj.jdbc.ConnectionImpl@6c17c0f8
16:56:32.377 INFO  [main]com.zaxxer.hikari.HikariDataSource - HikariPool-1 - Start completed.
16:56:32.432 INFO  [main]org.hibernate.jpa.internal.util.LogHelper - HHH000204: Processing PersistenceUnitInfo [name: default]
16:56:32.511 INFO  [main]org.hibernate.Version - HHH000412: Hibernate ORM core version 6.6.11.Final
16:56:32.566 INFO  [main]o.hibernate.cache.internal.RegionFactoryInitiator - HHH000026: Second-level cache disabled
16:56:32.983 INFO  [main]o.s.o.j.persistenceunit.SpringPersistenceUnitInfo - No LoadTimeWeaver setup: ignoring JPA class transformer
16:56:33.129 INFO  [main]org.hibernate.orm.connections.pooling - HHH10001005: Database info:
	Database JDBC URL [Connecting through datasource 'HikariDataSource (HikariPool-1)']
	Database driver: undefined/unknown
	Database version: 8.0.40
	Autocommit mode: undefined/unknown
	Isolation level: undefined/unknown
	Minimum pool size: undefined/unknown
	Maximum pool size: undefined/unknown
16:56:33.517 WARN  [main]org.hibernate.mapping.RootClass - HHH000038: Composite-id class does not override equals(): com.example.quiz13.entity.QuestionId
16:56:33.517 WARN  [main]org.hibernate.mapping.RootClass - HHH000039: Composite-id class does not override hashCode(): com.example.quiz13.entity.QuestionId
16:56:33.517 WARN  [main]org.hibernate.mapping.RootClass - HHH000038: Composite-id class does not override equals(): com.example.quiz13.entity.FeedbackId
16:56:33.517 WARN  [main]org.hibernate.mapping.RootClass - HHH000039: Composite-id class does not override hashCode(): com.example.quiz13.entity.FeedbackId
16:56:34.072 INFO  [main]o.h.e.t.jta.platform.internal.JtaPlatformInitiator - HHH000489: No JTA platform available (set 'hibernate.transaction.jta.platform' to enable JTA platform integration)
16:56:34.076 INFO  [main]o.s.orm.jpa.LocalContainerEntityManagerFactoryBean - Initialized JPA EntityManagerFactory for persistence unit 'default'
16:56:34.406 INFO  [main]o.s.data.jpa.repository.query.QueryEnhancerFactory - Hibernate is in classpath; If applicable, HQL parser will be used.
16:56:35.387 WARN  [main]o.s.b.a.o.j.JpaBaseConfiguration$JpaWebConfiguration - spring.jpa.open-in-view is enabled by default. Therefore, database queries may be performed during view rendering. Explicitly configure spring.jpa.open-in-view to disable this warning
16:56:35.814 INFO  [main]org.apache.coyote.http11.Http11NioProtocol - Starting ProtocolHandler ["http-nio-8080"]
16:56:35.847 INFO  [main]o.s.boot.web.embedded.tomcat.TomcatWebServer - Tomcat started on port 8080 (http) with context path '/'
16:56:35.857 INFO  [main]com.example.quiz13.Quiz13Application - Started Quiz13Application in 6.619 seconds (process running for 7.424)
16:56:40.031 INFO  [http-nio-8080-exec-1]o.a.c.core.ContainerBase.[Tomcat].[localhost].[/] - Initializing Spring DispatcherServlet 'dispatcherServlet'
16:56:40.031 INFO  [http-nio-8080-exec-1]org.springframework.web.servlet.DispatcherServlet - Initializing Servlet 'dispatcherServlet'
16:56:40.034 INFO  [http-nio-8080-exec-1]org.springframework.web.servlet.DispatcherServlet - Completed initialization in 2 ms
17:58:40.574 WARN  [http-nio-8080-exec-7]o.s.w.s.m.support.DefaultHandlerExceptionResolver - Resolved [org.springframework.web.method.annotation.MethodArgumentTypeMismatchException: Method parameter 'quizId': Failed to convert value of type 'java.lang.String' to required type 'int'; For input string: "undefined"]
17:58:47.616 WARN  [http-nio-8080-exec-8]o.s.w.s.m.support.DefaultHandlerExceptionResolver - Resolved [org.springframework.web.method.annotation.MethodArgumentTypeMismatchException: Method parameter 'quizId': Failed to convert value of type 'java.lang.String' to required type 'int'; For input string: "undefined"]
17:59:25.290 WARN  [http-nio-8080-exec-2]o.s.w.s.m.support.DefaultHandlerExceptionResolver - Resolved [org.springframework.web.method.annotation.MethodArgumentTypeMismatchException: Method parameter 'quizId': Failed to convert value of type 'java.lang.String' to required type 'int'; For input string: "undefined"]
17:59:37.523 WARN  [http-nio-8080-exec-10]o.s.w.s.m.support.DefaultHandlerExceptionResolver - Resolved [org.springframework.web.method.annotation.MethodArgumentTypeMismatchException: Method parameter 'quizId': Failed to convert value of type 'java.lang.String' to required type 'int'; For input string: "undefined"]
18:00:53.037 WARN  [http-nio-8080-exec-1]o.s.w.s.m.support.DefaultHandlerExceptionResolver - Resolved [org.springframework.web.method.annotation.MethodArgumentTypeMismatchException: Method parameter 'quizId': Failed to convert value of type 'java.lang.String' to required type 'int'; For input string: "undefined"]
19:24:48.595 INFO  [background-preinit]org.hibernate.validator.internal.util.Version - HV000001: Hibernate Validator 8.0.2.Final
19:24:48.743 INFO  [main]com.example.quiz13.Quiz13Application - Starting Quiz13Application using Java 21.0.5 with PID 27292 (D:\java\java_project\quiz13\bin\main started by user in D:\java\java_project\quiz13)
19:24:48.746 INFO  [main]com.example.quiz13.Quiz13Application - No active profile set, falling back to 1 default profile: "default"
19:24:50.082 INFO  [main]o.s.d.r.config.RepositoryConfigurationDelegate - Bootstrapping Spring Data JPA repositories in DEFAULT mode.
19:24:50.232 INFO  [main]o.s.d.r.config.RepositoryConfigurationDelegate - Finished Spring Data repository scanning in 126 ms. Found 3 JPA repository interfaces.
19:24:51.260 INFO  [main]o.s.boot.web.embedded.tomcat.TomcatWebServer - Tomcat initialized with port 8080 (http)
19:24:51.305 INFO  [main]org.apache.coyote.http11.Http11NioProtocol - Initializing ProtocolHandler ["http-nio-8080"]
19:24:51.310 INFO  [main]org.apache.catalina.core.StandardService - Starting service [Tomcat]
19:24:51.311 INFO  [main]org.apache.catalina.core.StandardEngine - Starting Servlet engine: [Apache Tomcat/10.1.39]
19:24:51.448 INFO  [main]o.a.c.core.ContainerBase.[Tomcat].[localhost].[/] - Initializing Spring embedded WebApplicationContext
19:24:51.449 INFO  [main]o.s.b.w.s.c.ServletWebServerApplicationContext - Root WebApplicationContext: initialization completed in 2625 ms
19:24:51.740 INFO  [main]com.zaxxer.hikari.HikariDataSource - HikariPool-1 - Starting...
19:24:52.139 INFO  [main]com.zaxxer.hikari.pool.HikariPool - HikariPool-1 - Added connection com.mysql.cj.jdbc.ConnectionImpl@70716259
19:24:52.144 INFO  [main]com.zaxxer.hikari.HikariDataSource - HikariPool-1 - Start completed.
19:24:52.240 INFO  [main]org.hibernate.jpa.internal.util.LogHelper - HHH000204: Processing PersistenceUnitInfo [name: default]
19:24:52.383 INFO  [main]org.hibernate.Version - HHH000412: Hibernate ORM core version 6.6.11.Final
19:24:52.467 INFO  [main]o.hibernate.cache.internal.RegionFactoryInitiator - HHH000026: Second-level cache disabled
19:24:53.036 INFO  [main]o.s.o.j.persistenceunit.SpringPersistenceUnitInfo - No LoadTimeWeaver setup: ignoring JPA class transformer
19:24:53.258 INFO  [main]org.hibernate.orm.connections.pooling - HHH10001005: Database info:
	Database JDBC URL [Connecting through datasource 'HikariDataSource (HikariPool-1)']
	Database driver: undefined/unknown
	Database version: 8.0.40
	Autocommit mode: undefined/unknown
	Isolation level: undefined/unknown
	Minimum pool size: undefined/unknown
	Maximum pool size: undefined/unknown
19:24:53.862 WARN  [main]org.hibernate.mapping.RootClass - HHH000038: Composite-id class does not override equals(): com.example.quiz13.entity.QuestionId
19:24:53.862 WARN  [main]org.hibernate.mapping.RootClass - HHH000039: Composite-id class does not override hashCode(): com.example.quiz13.entity.QuestionId
19:24:53.864 WARN  [main]org.hibernate.mapping.RootClass - HHH000038: Composite-id class does not override equals(): com.example.quiz13.entity.FeedbackId
19:24:53.864 WARN  [main]org.hibernate.mapping.RootClass - HHH000039: Composite-id class does not override hashCode(): com.example.quiz13.entity.FeedbackId
19:24:54.812 INFO  [main]o.h.e.t.jta.platform.internal.JtaPlatformInitiator - HHH000489: No JTA platform available (set 'hibernate.transaction.jta.platform' to enable JTA platform integration)
19:24:54.817 INFO  [main]o.s.orm.jpa.LocalContainerEntityManagerFactoryBean - Initialized JPA EntityManagerFactory for persistence unit 'default'
19:24:55.291 INFO  [main]o.s.data.jpa.repository.query.QueryEnhancerFactory - Hibernate is in classpath; If applicable, HQL parser will be used.
19:24:56.850 WARN  [main]o.s.b.a.o.j.JpaBaseConfiguration$JpaWebConfiguration - spring.jpa.open-in-view is enabled by default. Therefore, database queries may be performed during view rendering. Explicitly configure spring.jpa.open-in-view to disable this warning
19:24:57.511 INFO  [main]org.apache.coyote.http11.Http11NioProtocol - Starting ProtocolHandler ["http-nio-8080"]
19:24:57.560 INFO  [main]o.s.boot.web.embedded.tomcat.TomcatWebServer - Tomcat started on port 8080 (http) with context path '/'
19:24:57.573 INFO  [main]com.example.quiz13.Quiz13Application - Started Quiz13Application in 9.868 seconds (process running for 10.572)
19:25:13.646 INFO  [http-nio-8080-exec-2]o.a.c.core.ContainerBase.[Tomcat].[localhost].[/] - Initializing Spring DispatcherServlet 'dispatcherServlet'
19:25:13.646 INFO  [http-nio-8080-exec-2]org.springframework.web.servlet.DispatcherServlet - Initializing Servlet 'dispatcherServlet'
19:25:13.654 INFO  [http-nio-8080-exec-2]org.springframework.web.servlet.DispatcherServlet - Completed initialization in 8 ms
19:54:58.892 WARN  [http-nio-8080-exec-6]o.s.w.s.m.support.DefaultHandlerExceptionResolver - Resolved [org.springframework.web.method.annotation.MethodArgumentTypeMismatchException: Method parameter 'quizId': Failed to convert value of type 'java.lang.String' to required type 'int'; For input string: "undefined"]
19:59:52.852 WARN  [http-nio-8080-exec-9]o.s.w.s.m.support.DefaultHandlerExceptionResolver - Resolved [org.springframework.web.method.annotation.MethodArgumentTypeMismatchException: Method parameter 'quizId': Failed to convert value of type 'java.lang.String' to required type 'int'; For input string: "undefined"]
